<?xml version="1.0" encoding="UTF-8"?>
<testsuite xmlns:xsi="http://www.w3.org/2001/XMLSchema-instance" xsi:noNamespaceSchemaLocation="https://maven.apache.org/surefire/maven-surefire-plugin/xsd/surefire-test-report.xsd" name="clusterdata.JobEventCountTest" time="2.261" tests="1" errors="0" skipped="0" failures="0">
  <properties>
    <property name="gopherProxySet" value="false"/>
    <property name="awt.toolkit" value="sun.lwawt.macosx.LWCToolkit"/>
    <property name="file.encoding.pkg" value="sun.io"/>
    <property name="java.specification.version" value="1.8"/>
    <property name="sun.cpu.isalist" value=""/>
    <property name="sun.jnu.encoding" value="UTF-8"/>
    <property name="java.class.path" value="/Users/krauser/Documents/BU/data stream analytics/clusterdata-analysis/target/test-classes:/Users/krauser/Documents/BU/data stream analytics/clusterdata-analysis/target/classes:/Users/krauser/.m2/repository/org/apache/flink/flink-java/1.9.0/flink-java-1.9.0.jar:/Users/krauser/.m2/repository/org/apache/flink/flink-core/1.9.0/flink-core-1.9.0.jar:/Users/krauser/.m2/repository/org/apache/flink/flink-annotations/1.9.0/flink-annotations-1.9.0.jar:/Users/krauser/.m2/repository/org/apache/flink/flink-metrics-core/1.9.0/flink-metrics-core-1.9.0.jar:/Users/krauser/.m2/repository/com/esotericsoftware/kryo/kryo/2.24.0/kryo-2.24.0.jar:/Users/krauser/.m2/repository/com/esotericsoftware/minlog/minlog/1.2/minlog-1.2.jar:/Users/krauser/.m2/repository/org/objenesis/objenesis/2.1/objenesis-2.1.jar:/Users/krauser/.m2/repository/commons-collections/commons-collections/3.2.2/commons-collections-3.2.2.jar:/Users/krauser/.m2/repository/org/apache/commons/commons-compress/1.18/commons-compress-1.18.jar:/Users/krauser/.m2/repository/org/apache/flink/flink-shaded-asm-6/6.2.1-7.0/flink-shaded-asm-6-6.2.1-7.0.jar:/Users/krauser/.m2/repository/org/apache/commons/commons-lang3/3.3.2/commons-lang3-3.3.2.jar:/Users/krauser/.m2/repository/org/slf4j/slf4j-api/1.7.15/slf4j-api-1.7.15.jar:/Users/krauser/.m2/repository/com/google/code/findbugs/jsr305/1.3.9/jsr305-1.3.9.jar:/Users/krauser/.m2/repository/org/apache/flink/force-shading/1.9.0/force-shading-1.9.0.jar:/Users/krauser/.m2/repository/org/apache/flink/flink-clients_2.11/1.9.0/flink-clients_2.11-1.9.0.jar:/Users/krauser/.m2/repository/org/apache/flink/flink-runtime_2.11/1.9.0/flink-runtime_2.11-1.9.0.jar:/Users/krauser/.m2/repository/org/apache/flink/flink-optimizer_2.11/1.9.0/flink-optimizer_2.11-1.9.0.jar:/Users/krauser/.m2/repository/commons-cli/commons-cli/1.3.1/commons-cli-1.3.1.jar:/Users/krauser/.m2/repository/org/apache/flink/flink-streaming-java_2.11/1.9.0/flink-streaming-java_2.11-1.9.0.jar:/Users/krauser/.m2/repository/org/apache/flink/flink-shaded-guava/18.0-7.0/flink-shaded-guava-18.0-7.0.jar:/Users/krauser/.m2/repository/org/apache/flink/flink-connector-kafka-0.11_2.11/1.9.0/flink-connector-kafka-0.11_2.11-1.9.0.jar:/Users/krauser/.m2/repository/org/apache/flink/flink-connector-kafka-0.10_2.11/1.9.0/flink-connector-kafka-0.10_2.11-1.9.0.jar:/Users/krauser/.m2/repository/org/apache/flink/flink-connector-kafka-0.9_2.11/1.9.0/flink-connector-kafka-0.9_2.11-1.9.0.jar:/Users/krauser/.m2/repository/org/apache/flink/flink-connector-kafka-base_2.11/1.9.0/flink-connector-kafka-base_2.11-1.9.0.jar:/Users/krauser/.m2/repository/org/apache/kafka/kafka-clients/0.11.0.2/kafka-clients-0.11.0.2.jar:/Users/krauser/.m2/repository/net/jpountz/lz4/lz4/1.3.0/lz4-1.3.0.jar:/Users/krauser/.m2/repository/org/apache/flink/flink-test-utils-junit/1.9.0/flink-test-utils-junit-1.9.0.jar:/Users/krauser/.m2/repository/org/apache/flink/flink-streaming-java_2.11/1.9.0/flink-streaming-java_2.11-1.9.0-tests.jar:/Users/krauser/.m2/repository/org/mockito/mockito-all/1.10.19/mockito-all-1.10.19.jar:/Users/krauser/.m2/repository/org/apache/flink/flink-runtime_2.11/1.9.0/flink-runtime_2.11-1.9.0-tests.jar:/Users/krauser/.m2/repository/org/apache/flink/flink-queryable-state-client-java/1.9.0/flink-queryable-state-client-java-1.9.0.jar:/Users/krauser/.m2/repository/org/apache/flink/flink-hadoop-fs/1.9.0/flink-hadoop-fs-1.9.0.jar:/Users/krauser/.m2/repository/commons-io/commons-io/2.4/commons-io-2.4.jar:/Users/krauser/.m2/repository/org/apache/flink/flink-shaded-netty/4.1.32.Final-7.0/flink-shaded-netty-4.1.32.Final-7.0.jar:/Users/krauser/.m2/repository/org/apache/flink/flink-shaded-jackson/2.9.8-7.0/flink-shaded-jackson-2.9.8-7.0.jar:/Users/krauser/.m2/repository/org/javassist/javassist/3.19.0-GA/javassist-3.19.0-GA.jar:/Users/krauser/.m2/repository/org/scala-lang/scala-library/2.11.12/scala-library-2.11.12.jar:/Users/krauser/.m2/repository/com/typesafe/akka/akka-actor_2.11/2.5.21/akka-actor_2.11-2.5.21.jar:/Users/krauser/.m2/repository/com/typesafe/config/1.3.3/config-1.3.3.jar:/Users/krauser/.m2/repository/org/scala-lang/modules/scala-java8-compat_2.11/0.7.0/scala-java8-compat_2.11-0.7.0.jar:/Users/krauser/.m2/repository/com/typesafe/akka/akka-stream_2.11/2.5.21/akka-stream_2.11-2.5.21.jar:/Users/krauser/.m2/repository/org/reactivestreams/reactive-streams/1.0.2/reactive-streams-1.0.2.jar:/Users/krauser/.m2/repository/com/typesafe/ssl-config-core_2.11/0.3.7/ssl-config-core_2.11-0.3.7.jar:/Users/krauser/.m2/repository/org/scala-lang/modules/scala-parser-combinators_2.11/1.1.1/scala-parser-combinators_2.11-1.1.1.jar:/Users/krauser/.m2/repository/com/typesafe/akka/akka-protobuf_2.11/2.5.21/akka-protobuf_2.11-2.5.21.jar:/Users/krauser/.m2/repository/com/typesafe/akka/akka-slf4j_2.11/2.5.21/akka-slf4j_2.11-2.5.21.jar:/Users/krauser/.m2/repository/org/clapper/grizzled-slf4j_2.11/1.3.2/grizzled-slf4j_2.11-1.3.2.jar:/Users/krauser/.m2/repository/com/github/scopt/scopt_2.11/3.5.0/scopt_2.11-3.5.0.jar:/Users/krauser/.m2/repository/org/xerial/snappy/snappy-java/1.1.4/snappy-java-1.1.4.jar:/Users/krauser/.m2/repository/com/twitter/chill_2.11/0.7.6/chill_2.11-0.7.6.jar:/Users/krauser/.m2/repository/com/twitter/chill-java/0.7.6/chill-java-0.7.6.jar:/Users/krauser/.m2/repository/joda-time/joda-time/2.7/joda-time-2.7.jar:/Users/krauser/.m2/repository/org/apache/commons/commons-math3/3.5/commons-math3-3.5.jar:/Users/krauser/.m2/repository/org/influxdb/influxdb-java/2.3/influxdb-java-2.3.jar:/Users/krauser/.m2/repository/com/google/guava/guava/19.0/guava-19.0.jar:/Users/krauser/.m2/repository/com/squareup/retrofit/retrofit/1.9.0/retrofit-1.9.0.jar:/Users/krauser/.m2/repository/com/google/code/gson/gson/2.3.1/gson-2.3.1.jar:/Users/krauser/.m2/repository/com/squareup/okhttp/okhttp/2.7.5/okhttp-2.7.5.jar:/Users/krauser/.m2/repository/com/squareup/okio/okio/1.6.0/okio-1.6.0.jar:/Users/krauser/.m2/repository/junit/junit/4.12/junit-4.12.jar:/Users/krauser/.m2/repository/org/hamcrest/hamcrest-core/1.3/hamcrest-core-1.3.jar:"/>
    <property name="java.vm.vendor" value="Oracle Corporation"/>
    <property name="sun.arch.data.model" value="64"/>
    <property name="java.vendor.url" value="http://java.oracle.com/"/>
    <property name="user.timezone" value=""/>
    <property name="java.vm.specification.version" value="1.8"/>
    <property name="os.name" value="Mac OS X"/>
    <property name="user.country" value="US"/>
    <property name="sun.java.launcher" value="SUN_STANDARD"/>
    <property name="sun.boot.library.path" value="/Library/Java/JavaVirtualMachines/jdk1.8.0_65.jdk/Contents/Home/jre/lib"/>
    <property name="sun.java.command" value="/Users/krauser/Documents/BU/data stream analytics/clusterdata-analysis/target/surefire/surefirebooter364091689987461900.jar /Users/krauser/Documents/BU/data stream analytics/clusterdata-analysis/target/surefire 2020-02-04T14-10-51_020-jvmRun1 surefire4329342258591245439tmp surefire_07493937639446694042tmp"/>
    <property name="http.nonProxyHosts" value="local|*.local|169.254/16|*.169.254/16"/>
    <property name="surefire.test.class.path" value="/Users/krauser/Documents/BU/data stream analytics/clusterdata-analysis/target/test-classes:/Users/krauser/Documents/BU/data stream analytics/clusterdata-analysis/target/classes:/Users/krauser/.m2/repository/org/apache/flink/flink-java/1.9.0/flink-java-1.9.0.jar:/Users/krauser/.m2/repository/org/apache/flink/flink-core/1.9.0/flink-core-1.9.0.jar:/Users/krauser/.m2/repository/org/apache/flink/flink-annotations/1.9.0/flink-annotations-1.9.0.jar:/Users/krauser/.m2/repository/org/apache/flink/flink-metrics-core/1.9.0/flink-metrics-core-1.9.0.jar:/Users/krauser/.m2/repository/com/esotericsoftware/kryo/kryo/2.24.0/kryo-2.24.0.jar:/Users/krauser/.m2/repository/com/esotericsoftware/minlog/minlog/1.2/minlog-1.2.jar:/Users/krauser/.m2/repository/org/objenesis/objenesis/2.1/objenesis-2.1.jar:/Users/krauser/.m2/repository/commons-collections/commons-collections/3.2.2/commons-collections-3.2.2.jar:/Users/krauser/.m2/repository/org/apache/commons/commons-compress/1.18/commons-compress-1.18.jar:/Users/krauser/.m2/repository/org/apache/flink/flink-shaded-asm-6/6.2.1-7.0/flink-shaded-asm-6-6.2.1-7.0.jar:/Users/krauser/.m2/repository/org/apache/commons/commons-lang3/3.3.2/commons-lang3-3.3.2.jar:/Users/krauser/.m2/repository/org/slf4j/slf4j-api/1.7.15/slf4j-api-1.7.15.jar:/Users/krauser/.m2/repository/com/google/code/findbugs/jsr305/1.3.9/jsr305-1.3.9.jar:/Users/krauser/.m2/repository/org/apache/flink/force-shading/1.9.0/force-shading-1.9.0.jar:/Users/krauser/.m2/repository/org/apache/flink/flink-clients_2.11/1.9.0/flink-clients_2.11-1.9.0.jar:/Users/krauser/.m2/repository/org/apache/flink/flink-runtime_2.11/1.9.0/flink-runtime_2.11-1.9.0.jar:/Users/krauser/.m2/repository/org/apache/flink/flink-optimizer_2.11/1.9.0/flink-optimizer_2.11-1.9.0.jar:/Users/krauser/.m2/repository/commons-cli/commons-cli/1.3.1/commons-cli-1.3.1.jar:/Users/krauser/.m2/repository/org/apache/flink/flink-streaming-java_2.11/1.9.0/flink-streaming-java_2.11-1.9.0.jar:/Users/krauser/.m2/repository/org/apache/flink/flink-shaded-guava/18.0-7.0/flink-shaded-guava-18.0-7.0.jar:/Users/krauser/.m2/repository/org/apache/flink/flink-connector-kafka-0.11_2.11/1.9.0/flink-connector-kafka-0.11_2.11-1.9.0.jar:/Users/krauser/.m2/repository/org/apache/flink/flink-connector-kafka-0.10_2.11/1.9.0/flink-connector-kafka-0.10_2.11-1.9.0.jar:/Users/krauser/.m2/repository/org/apache/flink/flink-connector-kafka-0.9_2.11/1.9.0/flink-connector-kafka-0.9_2.11-1.9.0.jar:/Users/krauser/.m2/repository/org/apache/flink/flink-connector-kafka-base_2.11/1.9.0/flink-connector-kafka-base_2.11-1.9.0.jar:/Users/krauser/.m2/repository/org/apache/kafka/kafka-clients/0.11.0.2/kafka-clients-0.11.0.2.jar:/Users/krauser/.m2/repository/net/jpountz/lz4/lz4/1.3.0/lz4-1.3.0.jar:/Users/krauser/.m2/repository/org/apache/flink/flink-test-utils-junit/1.9.0/flink-test-utils-junit-1.9.0.jar:/Users/krauser/.m2/repository/org/apache/flink/flink-streaming-java_2.11/1.9.0/flink-streaming-java_2.11-1.9.0-tests.jar:/Users/krauser/.m2/repository/org/mockito/mockito-all/1.10.19/mockito-all-1.10.19.jar:/Users/krauser/.m2/repository/org/apache/flink/flink-runtime_2.11/1.9.0/flink-runtime_2.11-1.9.0-tests.jar:/Users/krauser/.m2/repository/org/apache/flink/flink-queryable-state-client-java/1.9.0/flink-queryable-state-client-java-1.9.0.jar:/Users/krauser/.m2/repository/org/apache/flink/flink-hadoop-fs/1.9.0/flink-hadoop-fs-1.9.0.jar:/Users/krauser/.m2/repository/commons-io/commons-io/2.4/commons-io-2.4.jar:/Users/krauser/.m2/repository/org/apache/flink/flink-shaded-netty/4.1.32.Final-7.0/flink-shaded-netty-4.1.32.Final-7.0.jar:/Users/krauser/.m2/repository/org/apache/flink/flink-shaded-jackson/2.9.8-7.0/flink-shaded-jackson-2.9.8-7.0.jar:/Users/krauser/.m2/repository/org/javassist/javassist/3.19.0-GA/javassist-3.19.0-GA.jar:/Users/krauser/.m2/repository/org/scala-lang/scala-library/2.11.12/scala-library-2.11.12.jar:/Users/krauser/.m2/repository/com/typesafe/akka/akka-actor_2.11/2.5.21/akka-actor_2.11-2.5.21.jar:/Users/krauser/.m2/repository/com/typesafe/config/1.3.3/config-1.3.3.jar:/Users/krauser/.m2/repository/org/scala-lang/modules/scala-java8-compat_2.11/0.7.0/scala-java8-compat_2.11-0.7.0.jar:/Users/krauser/.m2/repository/com/typesafe/akka/akka-stream_2.11/2.5.21/akka-stream_2.11-2.5.21.jar:/Users/krauser/.m2/repository/org/reactivestreams/reactive-streams/1.0.2/reactive-streams-1.0.2.jar:/Users/krauser/.m2/repository/com/typesafe/ssl-config-core_2.11/0.3.7/ssl-config-core_2.11-0.3.7.jar:/Users/krauser/.m2/repository/org/scala-lang/modules/scala-parser-combinators_2.11/1.1.1/scala-parser-combinators_2.11-1.1.1.jar:/Users/krauser/.m2/repository/com/typesafe/akka/akka-protobuf_2.11/2.5.21/akka-protobuf_2.11-2.5.21.jar:/Users/krauser/.m2/repository/com/typesafe/akka/akka-slf4j_2.11/2.5.21/akka-slf4j_2.11-2.5.21.jar:/Users/krauser/.m2/repository/org/clapper/grizzled-slf4j_2.11/1.3.2/grizzled-slf4j_2.11-1.3.2.jar:/Users/krauser/.m2/repository/com/github/scopt/scopt_2.11/3.5.0/scopt_2.11-3.5.0.jar:/Users/krauser/.m2/repository/org/xerial/snappy/snappy-java/1.1.4/snappy-java-1.1.4.jar:/Users/krauser/.m2/repository/com/twitter/chill_2.11/0.7.6/chill_2.11-0.7.6.jar:/Users/krauser/.m2/repository/com/twitter/chill-java/0.7.6/chill-java-0.7.6.jar:/Users/krauser/.m2/repository/joda-time/joda-time/2.7/joda-time-2.7.jar:/Users/krauser/.m2/repository/org/apache/commons/commons-math3/3.5/commons-math3-3.5.jar:/Users/krauser/.m2/repository/org/influxdb/influxdb-java/2.3/influxdb-java-2.3.jar:/Users/krauser/.m2/repository/com/google/guava/guava/19.0/guava-19.0.jar:/Users/krauser/.m2/repository/com/squareup/retrofit/retrofit/1.9.0/retrofit-1.9.0.jar:/Users/krauser/.m2/repository/com/google/code/gson/gson/2.3.1/gson-2.3.1.jar:/Users/krauser/.m2/repository/com/squareup/okhttp/okhttp/2.7.5/okhttp-2.7.5.jar:/Users/krauser/.m2/repository/com/squareup/okio/okio/1.6.0/okio-1.6.0.jar:/Users/krauser/.m2/repository/junit/junit/4.12/junit-4.12.jar:/Users/krauser/.m2/repository/org/hamcrest/hamcrest-core/1.3/hamcrest-core-1.3.jar:"/>
    <property name="sun.cpu.endian" value="little"/>
    <property name="user.home" value="/Users/krauser"/>
    <property name="user.language" value="en"/>
    <property name="java.specification.vendor" value="Oracle Corporation"/>
    <property name="java.home" value="/Library/Java/JavaVirtualMachines/jdk1.8.0_65.jdk/Contents/Home/jre"/>
    <property name="basedir" value="/Users/krauser/Documents/BU/data stream analytics/clusterdata-analysis"/>
    <property name="file.separator" value="/"/>
    <property name="line.separator" value="&#10;"/>
    <property name="java.vm.specification.vendor" value="Oracle Corporation"/>
    <property name="java.specification.name" value="Java Platform API Specification"/>
    <property name="java.awt.graphicsenv" value="sun.awt.CGraphicsEnvironment"/>
    <property name="surefire.real.class.path" value="/Users/krauser/Documents/BU/data stream analytics/clusterdata-analysis/target/surefire/surefirebooter364091689987461900.jar"/>
    <property name="sun.boot.class.path" value="/Library/Java/JavaVirtualMachines/jdk1.8.0_65.jdk/Contents/Home/jre/lib/resources.jar:/Library/Java/JavaVirtualMachines/jdk1.8.0_65.jdk/Contents/Home/jre/lib/rt.jar:/Library/Java/JavaVirtualMachines/jdk1.8.0_65.jdk/Contents/Home/jre/lib/sunrsasign.jar:/Library/Java/JavaVirtualMachines/jdk1.8.0_65.jdk/Contents/Home/jre/lib/jsse.jar:/Library/Java/JavaVirtualMachines/jdk1.8.0_65.jdk/Contents/Home/jre/lib/jce.jar:/Library/Java/JavaVirtualMachines/jdk1.8.0_65.jdk/Contents/Home/jre/lib/charsets.jar:/Library/Java/JavaVirtualMachines/jdk1.8.0_65.jdk/Contents/Home/jre/lib/jfr.jar:/Library/Java/JavaVirtualMachines/jdk1.8.0_65.jdk/Contents/Home/jre/classes"/>
    <property name="sun.management.compiler" value="HotSpot 64-Bit Tiered Compilers"/>
    <property name="ftp.nonProxyHosts" value="local|*.local|169.254/16|*.169.254/16"/>
    <property name="java.runtime.version" value="1.8.0_65-b17"/>
    <property name="user.name" value="krauser"/>
    <property name="path.separator" value=":"/>
    <property name="os.version" value="10.14.3"/>
    <property name="java.endorsed.dirs" value="/Library/Java/JavaVirtualMachines/jdk1.8.0_65.jdk/Contents/Home/jre/lib/endorsed"/>
    <property name="java.runtime.name" value="Java(TM) SE Runtime Environment"/>
    <property name="file.encoding" value="UTF-8"/>
    <property name="java.vm.name" value="Java HotSpot(TM) 64-Bit Server VM"/>
    <property name="localRepository" value="/Users/krauser/.m2/repository"/>
    <property name="java.vendor.url.bug" value="http://bugreport.sun.com/bugreport/"/>
    <property name="java.io.tmpdir" value="/var/folders/tg/43ft35hn457bbb2_ybk1fn_h0000gn/T/"/>
    <property name="java.version" value="1.8.0_65"/>
    <property name="user.dir" value="/Users/krauser/Documents/BU/data stream analytics/clusterdata-analysis"/>
    <property name="os.arch" value="x86_64"/>
    <property name="java.vm.specification.name" value="Java Virtual Machine Specification"/>
    <property name="java.awt.printerjob" value="sun.lwawt.macosx.CPrinterJob"/>
    <property name="sun.os.patch.level" value="unknown"/>
    <property name="java.library.path" value="/Users/krauser/Library/Java/Extensions:/Library/Java/Extensions:/Network/Library/Java/Extensions:/System/Library/Java/Extensions:/usr/lib/java:."/>
    <property name="java.vm.info" value="mixed mode"/>
    <property name="java.vendor" value="Oracle Corporation"/>
    <property name="java.vm.version" value="25.65-b01"/>
    <property name="java.ext.dirs" value="/Users/krauser/Library/Java/Extensions:/Library/Java/JavaVirtualMachines/jdk1.8.0_65.jdk/Contents/Home/jre/lib/ext:/Library/Java/Extensions:/Network/Library/Java/Extensions:/System/Library/Java/Extensions:/usr/lib/java"/>
    <property name="sun.io.unicode.encoding" value="UnicodeBig"/>
    <property name="java.class.version" value="52.0"/>
    <property name="socksNonProxyHosts" value="local|*.local|169.254/16|*.169.254/16"/>
  </properties>
  <testcase name="testEventCount" classname="clusterdata.JobEventCountTest" time="2.216"/>
</testsuite>